[2014-08-25 16:00:37] START
[2014-08-25 16:29:07] CREATE pesta_a_conglomerado.py: 0
[2014-08-25 16:30:07] DELETE cliente_web2py/models/pesta_a_conglomerado.py: 0
[2014-08-25 16:30:34] CREATE 1_conglomerado.py: 0
[2014-08-25 16:30:41] DELETE cliente_web2py/controllers/1_conglomerado.py: -1
[2014-08-25 16:31:01] CREATE 1_conglomerado.py: 0
[2014-08-25 16:35:04] EDIT cliente_web2py/models/db.py: 1
[2014-08-25 16:36:47] EDIT cliente_web2py/models/1_conglomerado.py: 1
[2014-08-25 16:39:21] EDIT cliente_web2py/models/1_conglomerado.py: 0
[2014-08-25 16:39:42] EDIT cliente_web2py/models/1_conglomerado.py: 0
[2014-08-25 16:44:11] EDIT cliente_web2py/models/1_conglomerado.py: 3
[2014-08-25 16:49:34] EDIT cliente_web2py/models/1_conglomerado.py: 8
[2014-08-25 17:12:16] EDIT cliente_web2py/models/1_conglomerado.py: 9
[2014-08-25 17:17:53] EDIT cliente_web2py/models/1_conglomerado.py: 0
[2014-08-25 17:18:37] EDIT cliente_web2py/models/1_conglomerado.py: 0
[2014-08-25 17:19:00] EDIT cliente_web2py/models/1_conglomerado.py: 0
[2014-08-25 17:21:22] EDIT cliente_web2py/models/1_conglomerado.py: 0
[2014-08-25 17:21:29] EDIT cliente_web2py/models/1_conglomerado.py: 0
[2014-08-25 17:21:30] EDIT cliente_web2py/models/1_conglomerado.py: 0
[2014-08-25 17:21:34] EDIT cliente_web2py/models/1_conglomerado.py: 0
[2014-08-25 17:21:46] EDIT cliente_web2py/models/1_conglomerado.py: 0
[2014-08-25 17:21:47] EDIT cliente_web2py/models/1_conglomerado.py: 0
[2014-08-25 17:21:48] EDIT cliente_web2py/models/1_conglomerado.py: 0
[2014-08-25 17:21:48] EDIT cliente_web2py/models/1_conglomerado.py: 0
[2014-08-25 17:21:48] EDIT cliente_web2py/models/1_conglomerado.py: 0
[2014-08-25 17:22:11] EDIT cliente_web2py/models/1_conglomerado.py: -1
[2014-08-25 17:22:12] EDIT cliente_web2py/models/1_conglomerado.py: 0
[2014-08-25 17:22:13] EDIT cliente_web2py/models/1_conglomerado.py: 0
[2014-08-25 17:22:14] EDIT cliente_web2py/models/1_conglomerado.py: 0
[2014-08-25 17:22:14] EDIT cliente_web2py/models/1_conglomerado.py: 0
[2014-08-25 17:22:14] EDIT cliente_web2py/models/1_conglomerado.py: 0
[2014-08-25 17:22:15] EDIT cliente_web2py/models/1_conglomerado.py: 0
[2014-08-25 17:22:15] EDIT cliente_web2py/models/1_conglomerado.py: 0
[2014-08-25 17:22:15] EDIT cliente_web2py/models/1_conglomerado.py: 0
[2014-08-25 17:22:15] EDIT cliente_web2py/models/1_conglomerado.py: 0
[2014-08-25 17:22:32] EDIT cliente_web2py/models/1_conglomerado.py: 1
[2014-08-25 17:22:35] EDIT cliente_web2py/models/1_conglomerado.py: 0
[2014-08-25 17:24:22] CREATE custom_validators.py: 0
[2014-08-25 17:26:10] EDIT cliente_web2py/modules/custom_validators.py: 27
[2014-08-25 17:26:57] EDIT cliente_web2py/modules/custom_validators.py: 0
[2014-08-25 17:27:12] EDIT cliente_web2py/modules/custom_validators.py: 0
[2014-08-25 17:27:13] EDIT cliente_web2py/modules/custom_validators.py: 0
[2014-08-25 17:28:17] EDIT cliente_web2py/models/1_conglomerado.py: 1
[2014-08-25 17:28:43] EDIT cliente_web2py/models/1_conglomerado.py: 0
[2014-08-25 17:36:12] EDIT cliente_web2py/modules/custom_validators.py: 0
[2014-08-25 17:37:37] EDIT cliente_web2py/modules/custom_validators.py: 2
[2014-08-25 17:39:30] EDIT cliente_web2py/modules/custom_validators.py: 0
[2014-08-25 17:42:09] EDIT cliente_web2py/modules/custom_validators.py: 1
[2014-08-25 17:42:10] EDIT cliente_web2py/modules/custom_validators.py: 0
[2014-08-25 17:42:24] EDIT cliente_web2py/modules/custom_validators.py: 0
[2014-08-25 17:43:27] EDIT cliente_web2py/modules/custom_validators.py: 0
[2014-08-25 17:43:50] EDIT cliente_web2py/modules/custom_validators.py: -3
[2014-08-25 17:43:58] EDIT cliente_web2py/models/1_conglomerado.py: -1
[2014-08-25 17:44:57] CREATE 1_conglomerado.py: 0
[2014-08-25 17:45:30] EDIT cliente_web2py/controllers/1_conglomerado.py: 2
[2014-08-25 17:45:34] EDIT cliente_web2py/controllers/1_conglomerado.py: 0
[2014-08-25 17:45:39] EDIT cliente_web2py/controllers/1_conglomerado.py: 0
[2014-08-25 17:46:09] EDIT cliente_web2py/controllers/1_conglomerado.py: 0
[2014-08-25 17:46:47] EDIT cliente_web2py/controllers/1_conglomerado.py: 1
[2014-08-25 17:46:56] EDIT cliente_web2py/controllers/1_conglomerado.py: 0
